<?xml version="1.0" encoding="UTF-8"?>
<!-- Generated by org.testng.reporters.JUnitReportReporter -->
<testsuite hostname="HFL-S0005" name="com.example.tests.ContactCreationTests" tests="2" failures="0" timestamp="16 Oct 2014 17:55:14 GMT" time="2.612" errors="0">
  <testcase name="testEmptyGroupCreation" time="1.221" classname="com.example.tests.ContactCreationTests"/>
  <testcase name="testNonEmptyGroupCreation" time="1.391" classname="com.example.tests.ContactCreationTests"/>
</testsuite> <!-- com.example.tests.ContactCreationTests -->
