<?xml version="1.0" encoding="UTF-8"?>
<!-- Generated by org.testng.reporters.JUnitReportReporter -->
<testsuite hostname="HFL-S0005" name="com.example.tests.AlsoCreationTests" tests="2" failures="0" timestamp="24 Oct 2014 14:06:22 GMT" time="3.902" errors="0">
  <testcase name="testNonEmptyGroupCreation" time="1.949" classname="com.example.tests.AlsoCreationTests"/>
  <testcase name="testEmptyGroupCreation" time="1.953" classname="com.example.tests.AlsoCreationTests"/>
</testsuite> <!-- com.example.tests.AlsoCreationTests -->
