<?xml version="1.0" encoding="UTF-8"?>
<!-- Generated by org.testng.reporters.JUnitReportReporter -->
<testsuite hostname="HFL-S0005" name="com.example.tests.ContactCreationTests" tests="2" failures="0" timestamp="24 Oct 2014 14:06:22 GMT" time="4.364" errors="0">
  <testcase name="testNonEmptyContactCreation" time="2.590" classname="com.example.tests.ContactCreationTests"/>
  <testcase name="testEmptyContactCreation" time="1.774" classname="com.example.tests.ContactCreationTests"/>
</testsuite> <!-- com.example.tests.ContactCreationTests -->
