<?xml version="1.0" encoding="UTF-8"?>
<!-- Generated by org.testng.reporters.JUnitReportReporter -->
<testsuite hostname="HFL-S0005" name="com.example.tests.GroupCreationTests" tests="2" failures="0" timestamp="16 Oct 2014 17:55:14 GMT" time="3.620" errors="0">
  <testcase name="testEmptyGroupCreation" time="1.699" classname="com.example.tests.GroupCreationTests"/>
  <testcase name="testNonEmptyGroupCreation" time="1.921" classname="com.example.tests.GroupCreationTests"/>
</testsuite> <!-- com.example.tests.GroupCreationTests -->
