<?xml version="1.0" encoding="UTF-8"?>
<!-- Generated by org.testng.reporters.JUnitReportReporter -->
<testsuite hostname="home-pc" name="com.example.tests.GroupCreationTests" tests="2" failures="0" timestamp="25 Oct 2014 12:15:45 GMT" time="2.774" errors="0">
  <testcase name="testNonEmptyGroupCreation" time="1.435" classname="com.example.tests.GroupCreationTests"/>
  <testcase name="testEmptyGroupCreation" time="1.339" classname="com.example.tests.GroupCreationTests"/>
</testsuite> <!-- com.example.tests.GroupCreationTests -->
