<?xml version="1.0" encoding="UTF-8"?>
<!-- Generated by org.testng.reporters.JUnitReportReporter -->
<testsuite hostname="HFL-S0005" name="com.example.tests.AlsoCreationTests" tests="2" failures="0" timestamp="17 Oct 2014 14:27:26 GMT" time="3.683" errors="0">
  <testcase name="testNonEmptyGroupCreation" time="1.868" classname="com.example.tests.AlsoCreationTests"/>
  <testcase name="testEmptyGroupCreation" time="1.815" classname="com.example.tests.AlsoCreationTests"/>
</testsuite> <!-- com.example.tests.AlsoCreationTests -->
