<?xml version="1.0" encoding="UTF-8"?>
<!-- Generated by org.testng.reporters.JUnitReportReporter -->
<testsuite hostname="home-pc" name="com.example.tests.AlsoCreationTests" tests="2" failures="0" timestamp="25 Oct 2014 10:19:39 GMT" time="2.548" errors="0">
  <testcase name="testEmptyGroupCreation" time="1.156" classname="com.example.tests.AlsoCreationTests"/>
  <testcase name="testNonEmptyGroupCreation" time="1.392" classname="com.example.tests.AlsoCreationTests"/>
</testsuite> <!-- com.example.tests.AlsoCreationTests -->
