<?xml version="1.0" encoding="UTF-8"?>
<!-- Generated by org.testng.reporters.JUnitReportReporter -->
<testsuite hostname="home-pc" name="com.example.tests.ContactCreationTests" tests="2" failures="0" timestamp="25 Oct 2014 12:15:45 GMT" time="3.736" errors="0">
  <testcase name="testNonEmptyContactCreation" time="2.146" classname="com.example.tests.ContactCreationTests"/>
  <testcase name="testEmptyContactCreation" time="1.590" classname="com.example.tests.ContactCreationTests"/>
</testsuite> <!-- com.example.tests.ContactCreationTests -->
