<?xml version="1.0" encoding="UTF-8"?>
<!-- Generated by org.testng.reporters.JUnitReportReporter -->
<testsuite hostname="HFL-S0005" name="com.example.tests.ContactCreationTests" tests="2" failures="0" timestamp="17 Oct 2014 14:27:26 GMT" time="4.361" errors="0">
  <testcase name="testNonEmptyContactCreation" time="2.662" classname="com.example.tests.ContactCreationTests"/>
  <testcase name="testEmptyContactCreation" time="1.699" classname="com.example.tests.ContactCreationTests"/>
</testsuite> <!-- com.example.tests.ContactCreationTests -->
