<?xml version="1.0" encoding="UTF-8"?>
<!-- Generated by org.testng.reporters.JUnitReportReporter -->
<testsuite hostname="HFL-S0005" name="com.example.tests.GroupCreationTests" tests="2" failures="0" timestamp="24 Oct 2014 14:06:22 GMT" time="3.009" errors="0">
  <testcase name="testEmptyGroupCreation" time="1.399" classname="com.example.tests.GroupCreationTests"/>
  <testcase name="testNonEmptyGroupCreation" time="1.610" classname="com.example.tests.GroupCreationTests"/>
</testsuite> <!-- com.example.tests.GroupCreationTests -->
