<?xml version="1.0" encoding="UTF-8"?>
<!-- Generated by org.testng.reporters.JUnitReportReporter -->
<testsuite hostname="HFL-S0005" name="com.example.tests.GroupCreationTests" tests="2" failures="0" timestamp="24 Oct 2014 14:22:53 GMT" time="2.783" errors="0">
  <testcase name="testEmptyGroupCreation" time="1.281" classname="com.example.tests.GroupCreationTests"/>
  <testcase name="testNonEmptyGroupCreation" time="1.502" classname="com.example.tests.GroupCreationTests"/>
</testsuite> <!-- com.example.tests.GroupCreationTests -->
